
Dec 14, 2020 15:03:45.09 NEW SESSION
Dec 14, 2020 15:03:45.09 [11172:9436:1214/150344.456:ERROR:device_event_log_impl.cc(211)] [15:03:44.453] USB: usb_device_handle_win.cc:1020 Failed to read descriptor from node connection: A device attached to the system is not functioning. (0x1F)
Dec 14, 2020 15:03:45.09 [11172:9436:1214/150344.458:ERROR:usb_descriptors.cc(114)] Failed to parse configuration descriptor.
Dec 14, 2020 15:07:14.558 [1120:10680:1214/150714.558:ERROR:device_event_log_impl.cc(211)] [15:07:14.567] USB: usb_device_handle_win.cc:1020 Failed to read descriptor from node connection: A device attached to the system is not functioning. (0x1F)
Dec 14, 2020 15:17:08.356 [1214/151708.304:ERROR:directory_reader_win.cc(43)] FindFirstFile: The system cannot find the path specified. (0x3)
Dec 14, 2020 15:33:07.94 [1120:10680:1214/153307.093:ERROR:device_event_log_impl.cc(211)] [15:33:07.093] USB: usb_service_win.cc:258 Failed to get device driver name: Element not found. (0x490)
Dec 14, 2020 15:46:22.871 [1120:10680:1214/154622.870:ERROR:device_event_log_impl.cc(211)] [15:46:22.870] USB: usb_service_win.cc:258 Failed to get device driver name: Element not found. (0x490)

Dec 15, 2020 11:38:53.345 NEW SESSION
Dec 15, 2020 11:38:53.345 [7612:6440:1215/113853.292:ERROR:device_event_log_impl.cc(211)] [11:38:53.292] USB: usb_device_handle_win.cc:1020 Failed to read descriptor from node connection: A device attached to the system is not functioning. (0x1F)
Dec 15, 2020 11:48:38.653 [1215/114838.652:ERROR:directory_reader_win.cc(43)] FindFirstFile: The system cannot find the path specified. (0x3)
Dec 15, 2020 12:24:24.956 [7612:8672:1215/122424.955:ERROR:connection_factory_impl.cc(428)] Failed to connect to MCS endpoint with error -105
Dec 15, 2020 12:24:49.173 [7612:8672:1215/122449.173:ERROR:connection_factory_impl.cc(428)] Failed to connect to MCS endpoint with error -105
Dec 15, 2020 12:25:41.21 [7612:8672:1215/122541.021:ERROR:connection_factory_impl.cc(428)] Failed to connect to MCS endpoint with error -105
Dec 15, 2020 12:26:55.198 [7612:8672:1215/122655.198:ERROR:connection_factory_impl.cc(428)] Failed to connect to MCS endpoint with error -106
Dec 15, 2020 12:30:54.808 [7612:8672:1215/123054.807:ERROR:connection_factory_impl.cc(428)] Failed to connect to MCS endpoint with error -106

Dec 15, 2020 15:29:52.607 NEW SESSION
Dec 15, 2020 15:29:52.607 [6976:9532:1215/152952.475:ERROR:device_event_log_impl.cc(211)] [15:29:52.475] USB: usb_device_handle_win.cc:1020 Failed to read descriptor from node connection: A device attached to the system is not functioning. (0x1F)
Dec 15, 2020 15:39:12.261 [1215/153912.259:ERROR:directory_reader_win.cc(43)] FindFirstFile: The system cannot find the path specified. (0x3)

Dec 16, 2020 14:37:13.172 NEW SESSION
Dec 16, 2020 14:37:13.172 [12276:9572:1216/143713.148:ERROR:device_event_log_impl.cc(211)] [14:37:13.149] USB: usb_device_handle_win.cc:1020 Failed to read descriptor from node connection: A device attached to the system is not functioning. (0x1F)
Dec 16, 2020 14:37:13.975 [12276:1224:1216/143713.975:ERROR:connection_factory_impl.cc(428)] Failed to connect to MCS endpoint with error -105
Dec 16, 2020 14:37:43.954 [12276:1224:1216/143743.954:ERROR:connection_factory_impl.cc(428)] Failed to connect to MCS endpoint with error -105
Dec 16, 2020 14:38:24.352 [12276:1224:1216/143824.352:ERROR:connection_factory_impl.cc(428)] Failed to connect to MCS endpoint with error -105
Dec 16, 2020 14:40:13.720 [12276:1224:1216/144013.720:ERROR:connection_factory_impl.cc(428)] Failed to connect to MCS endpoint with error -105
Dec 16, 2020 14:43:15.737 [12276:1224:1216/144315.737:ERROR:connection_factory_impl.cc(428)] Failed to connect to MCS endpoint with error -105
Dec 16, 2020 14:46:43.681 [1216/144643.681:ERROR:directory_reader_win.cc(43)] FindFirstFile: The system cannot find the path specified. (0x3)
Dec 16, 2020 16:14:55.938 [2644:11868:1216/161455.936:ERROR:device_event_log_impl.cc(211)] [16:14:55.936] USB: usb_device_handle_win.cc:1020 Failed to read descriptor from node connection: A device attached to the system is not functioning. (0x1F)
Dec 16, 2020 16:24:47.957 [1216/162447.956:ERROR:directory_reader_win.cc(43)] FindFirstFile: The system cannot find the path specified. (0x3)

Dec 16, 2020 21:34:15.299 NEW SESSION
Dec 16, 2020 21:34:15.299 [8476:3764:1216/213415.270:ERROR:device_event_log_impl.cc(211)] [21:34:15.270] USB: usb_device_handle_win.cc:1020 Failed to read descriptor from node connection: A device attached to the system is not functioning. (0x1F)
Dec 16, 2020 21:44:06.744 [1216/214406.742:ERROR:directory_reader_win.cc(43)] FindFirstFile: The system cannot find the path specified. (0x3)

Dec 17, 2020 15:13:08.533 NEW SESSION
Dec 17, 2020 15:13:08.533 [6592:9556:1217/151308.498:ERROR:device_event_log_impl.cc(211)] [15:13:08.498] USB: usb_device_handle_win.cc:1020 Failed to read descriptor from node connection: A device attached to the system is not functioning. (0x1F)
Dec 17, 2020 15:22:32.959 [1217/152232.958:ERROR:directory_reader_win.cc(43)] FindFirstFile: The system cannot find the path specified. (0x3)

Dec 18, 2020 16:02:15.828 NEW SESSION
Dec 18, 2020 16:02:15.828 [12192:9960:1218/160215.779:ERROR:device_event_log_impl.cc(211)] [16:02:15.778] USB: usb_device_handle_win.cc:1020 Failed to read descriptor from node connection: A device attached to the system is not functioning. (0x1F)
Dec 18, 2020 16:11:30.515 [1218/161130.514:ERROR:directory_reader_win.cc(43)] FindFirstFile: The system cannot find the path specified. (0x3)

Dec 18, 2020 21:28:59.342 NEW SESSION
Dec 18, 2020 21:28:59.342 [6360:232:1218/212859.282:ERROR:device_event_log_impl.cc(211)] [21:28:59.281] USB: usb_device_handle_win.cc:1020 Failed to read descriptor from node connection: A device attached to the system is not functioning. (0x1F)
Dec 18, 2020 21:29:01.336 [6360:9152:1218/212901.335:ERROR:connection_factory_impl.cc(428)] Failed to connect to MCS endpoint with error -106
Dec 18, 2020 21:29:27.282 [6360:9152:1218/212927.282:ERROR:connection_factory_impl.cc(428)] Failed to connect to MCS endpoint with error -106
Dec 18, 2020 21:30:09.861 [6360:9152:1218/213009.861:ERROR:connection_factory_impl.cc(428)] Failed to connect to MCS endpoint with error -106
Dec 18, 2020 21:31:37.167 [6360:9152:1218/213137.166:ERROR:connection_factory_impl.cc(428)] Failed to connect to MCS endpoint with error -106
Dec 18, 2020 21:38:16.853 [1218/213816.852:ERROR:directory_reader_win.cc(43)] FindFirstFile: The system cannot find the path specified. (0x3)

Dec 19, 2020 09:45:10.712 NEW SESSION
Dec 19, 2020 09:45:10.713 [7228:9104:1219/094510.518:ERROR:device_event_log_impl.cc(211)] [09:45:10.519] USB: usb_device_handle_win.cc:1020 Failed to read descriptor from node connection: A device attached to the system is not functioning. (0x1F)
Dec 19, 2020 09:45:12.75 [7228:4256:1219/094512.074:ERROR:connection_factory_impl.cc(428)] Failed to connect to MCS endpoint with error -106
Dec 19, 2020 09:45:33.469 [7228:4256:1219/094533.469:ERROR:connection_factory_impl.cc(428)] Failed to connect to MCS endpoint with error -106
Dec 19, 2020 09:46:16.366 [7228:4256:1219/094616.366:ERROR:connection_factory_impl.cc(428)] Failed to connect to MCS endpoint with error -106
Dec 19, 2020 09:47:37.533 [7228:4256:1219/094737.533:ERROR:connection_factory_impl.cc(428)] Failed to connect to MCS endpoint with error -106
Dec 19, 2020 09:50:48.964 [7228:4256:1219/095048.964:ERROR:connection_factory_impl.cc(428)] Failed to connect to MCS endpoint with error -106
Dec 19, 2020 09:54:35.755 [1219/095435.754:ERROR:directory_reader_win.cc(43)] FindFirstFile: The system cannot find the path specified. (0x3)
Dec 19, 2020 13:39:57.511 [2408:9604:1219/133957.509:ERROR:device_event_log_impl.cc(211)] [13:39:57.509] USB: usb_device_handle_win.cc:1020 Failed to read descriptor from node connection: A device attached to the system is not functioning. (0x1F)
Dec 19, 2020 13:49:49.379 [1219/134949.378:ERROR:directory_reader_win.cc(43)] FindFirstFile: The system cannot find the path specified. (0x3)
Dec 19, 2020 13:57:05.76 [9120:6608:1219/135705.074:ERROR:device_event_log_impl.cc(211)] [13:57:05.074] USB: usb_device_handle_win.cc:1020 Failed to read descriptor from node connection: A device attached to the system is not functioning. (0x1F)
Dec 19, 2020 13:57:16.438 [9120:9364:1219/135716.437:ERROR:connection_factory_impl.cc(428)] Failed to connect to MCS endpoint with error -105
Dec 19, 2020 13:57:38.968 [9120:9364:1219/135738.968:ERROR:connection_factory_impl.cc(428)] Failed to connect to MCS endpoint with error -105
Dec 19, 2020 13:58:18.298 [9120:9364:1219/135818.297:ERROR:connection_factory_impl.cc(428)] Failed to connect to MCS endpoint with error -106
Dec 19, 2020 13:58:37.171 [9120:9364:1219/135837.171:ERROR:connection_factory_impl.cc(428)] Failed to connect to MCS endpoint with error -105
Dec 19, 2020 13:58:43.585 [9120:9364:1219/135843.585:ERROR:connection_factory_impl.cc(428)] Failed to connect to MCS endpoint with error -106
Dec 19, 2020 13:58:48.621 [9120:9364:1219/135848.620:ERROR:connection_factory_impl.cc(428)] Failed to connect to MCS endpoint with error -105
Dec 19, 2020 13:58:58.299 [9120:9364:1219/135858.299:ERROR:connection_factory_impl.cc(428)] Failed to connect to MCS endpoint with error -105
Dec 19, 2020 13:59:25.856 [9120:9364:1219/135925.856:ERROR:connection_factory_impl.cc(428)] Failed to connect to MCS endpoint with error -106
Dec 19, 2020 13:59:43.682 [9120:9364:1219/135943.682:ERROR:connection_factory_impl.cc(428)] Failed to connect to MCS endpoint with error -105

Dec 21, 2020 15:06:57.485 NEW SESSION
Dec 21, 2020 15:06:57.485 [8388:6604:1221/150657.445:ERROR:device_event_log_impl.cc(211)] [15:06:57.445] USB: usb_device_handle_win.cc:1020 Failed to read descriptor from node connection: A device attached to the system is not functioning. (0x1F)
Dec 21, 2020 15:16:41.497 [1221/151641.496:ERROR:directory_reader_win.cc(43)] FindFirstFile: The system cannot find the path specified. (0x3)
Dec 21, 2020 18:14:51.16 [11020:1496:1221/181451.016:ERROR:device_event_log_impl.cc(211)] [18:14:51.016] USB: usb_device_handle_win.cc:1020 Failed to read descriptor from node connection: A device attached to the system is not functioning. (0x1F)
Dec 21, 2020 18:14:51.114 [11020:1496:1221/181451.019:ERROR:device_event_log_impl.cc(211)] [18:14:51.019] USB: usb_device_handle_win.cc:1020 Failed to read descriptor from node connection: A device attached to the system is not functioning. (0x1F)
Dec 21, 2020 18:14:51.145 [11020:1496:1221/181451.019:ERROR:usb_descriptors.cc(117)] Failed to read configuration descriptor.
Dec 21, 2020 18:14:51.181 [11020:1496:1221/181451.019:ERROR:usb_descriptors.cc(100)] Failed to read all configuration descriptors. Expected 1, got 0.
Dec 21, 2020 18:14:51.200 [11020:1496:1221/181451.019:ERROR:device_event_log_impl.cc(211)] [18:14:51.019] USB: usb_device_win.cc:93 Failed to read descriptors from \\?\usb#vid_0000&pid_0538#6&4987a43&0&2#{a5dcbf10-6530-11d2-901f-00c04fb951ed}.

Dec 22, 2020 10:07:05.34 NEW SESSION
Dec 22, 2020 10:07:05.34 [9868:2624:1222/100704.687:ERROR:device_event_log_impl.cc(211)] [10:07:04.639] USB: usb_device_handle_win.cc:1020 Failed to read descriptor from node connection: A device attached to the system is not functioning. (0x1F)
Dec 22, 2020 10:07:05.626 [9868:7956:1222/100705.626:ERROR:connection_factory_impl.cc(428)] Failed to connect to MCS endpoint with error -106
Dec 22, 2020 10:07:26.640 [9868:7956:1222/100726.640:ERROR:connection_factory_impl.cc(428)] Failed to connect to MCS endpoint with error -106
Dec 22, 2020 10:08:20.679 [9868:7956:1222/100820.678:ERROR:connection_factory_impl.cc(428)] Failed to connect to MCS endpoint with error -106
Dec 22, 2020 10:10:10.84 [9868:7956:1222/101010.083:ERROR:connection_factory_impl.cc(428)] Failed to connect to MCS endpoint with error -106
Dec 22, 2020 10:12:54.789 [9868:7956:1222/101254.789:ERROR:connection_factory_impl.cc(428)] Failed to connect to MCS endpoint with error -106
Dec 22, 2020 10:16:36.182 [1222/101636.180:ERROR:directory_reader_win.cc(43)] FindFirstFile: The system cannot find the path specified. (0x3)
Dec 22, 2020 10:20:25.930 [9868:7956:1222/102025.929:ERROR:connection_factory_impl.cc(428)] Failed to connect to MCS endpoint with error -106
Dec 22, 2020 10:30:25.934 [9868:7956:1222/103025.933:ERROR:connection_factory_impl.cc(428)] Failed to connect to MCS endpoint with error -106

Dec 22, 2020 14:11:15.306 NEW SESSION
Dec 22, 2020 14:11:15.306 [6456:7816:1222/141115.265:ERROR:device_event_log_impl.cc(211)] [14:11:15.266] USB: usb_device_handle_win.cc:1020 Failed to read descriptor from node connection: A device attached to the system is not functioning. (0x1F)
Dec 22, 2020 14:11:16.368 [6456:2428:1222/141116.367:ERROR:connection_factory_impl.cc(428)] Failed to connect to MCS endpoint with error -106
Dec 22, 2020 14:11:43.794 [6456:2428:1222/141143.794:ERROR:connection_factory_impl.cc(428)] Failed to connect to MCS endpoint with error -106
Dec 22, 2020 14:12:26.08 [6456:2428:1222/141226.007:ERROR:connection_factory_impl.cc(428)] Failed to connect to MCS endpoint with error -106

Dec 24, 2020 10:05:23.166 NEW SESSION
Dec 24, 2020 10:05:23.166 [9180:9184:1224/100522.984:ERROR:device_event_log_impl.cc(211)] [10:05:22.984] USB: usb_device_handle_win.cc:1020 Failed to read descriptor from node connection: A device attached to the system is not functioning. (0x1F)
Dec 24, 2020 10:14:29.929 [1224/101429.928:ERROR:directory_reader_win.cc(43)] FindFirstFile: The system cannot find the path specified. (0x3)

Dec 28, 2020 16:55:46.414 NEW SESSION
Dec 28, 2020 16:55:46.414 [1228/165546.377:ERROR:directory_reader_win.cc(43)] FindFirstFile: The system cannot find the path specified. (0x3)

Dec 28, 2020 19:05:32.707 NEW SESSION
Dec 28, 2020 19:05:32.707 [7236:1980:1228/190532.636:ERROR:device_event_log_impl.cc(211)] [19:05:32.637] USB: usb_device_handle_win.cc:1020 Failed to read descriptor from node connection: A device attached to the system is not functioning. (0x1F)
Dec 28, 2020 19:15:28.175 [1228/191528.174:ERROR:directory_reader_win.cc(43)] FindFirstFile: The system cannot find the path specified. (0x3)

Dec 28, 2020 20:50:30.131 NEW SESSION
Dec 28, 2020 20:50:30.131 [3056:1996:1228/205029.890:ERROR:device_event_log_impl.cc(211)] [20:50:29.889] USB: usb_device_handle_win.cc:1020 Failed to read descriptor from node connection: A device attached to the system is not functioning. (0x1F)
Dec 28, 2020 20:50:31.359 [3056:7828:1228/205031.359:ERROR:connection_factory_impl.cc(428)] Failed to connect to MCS endpoint with error -106
Dec 28, 2020 20:50:57.937 [3056:7828:1228/205057.937:ERROR:connection_factory_impl.cc(428)] Failed to connect to MCS endpoint with error -106
Dec 28, 2020 20:51:54.301 [3056:7828:1228/205154.301:ERROR:connection_factory_impl.cc(428)] Failed to connect to MCS endpoint with error -106
Dec 28, 2020 20:53:54.280 [3056:7828:1228/205354.280:ERROR:connection_factory_impl.cc(428)] Failed to connect to MCS endpoint with error -106
Dec 28, 2020 20:57:03.877 [3056:7828:1228/205703.877:ERROR:connection_factory_impl.cc(428)] Failed to connect to MCS endpoint with error -106
Dec 28, 2020 20:59:51.199 [1228/205951.198:ERROR:directory_reader_win.cc(43)] FindFirstFile: The system cannot find the path specified. (0x3)
Dec 28, 2020 21:03:41.890 [3056:7828:1228/210341.890:ERROR:connection_factory_impl.cc(428)] Failed to connect to MCS endpoint with error -106

Dec 29, 2020 15:09:25.665 NEW SESSION
Dec 29, 2020 15:09:25.666 [4228:6828:1229/150925.611:ERROR:device_event_log_impl.cc(211)] [15:09:25.597] USB: usb_device_handle_win.cc:1020 Failed to read descriptor from node connection: A device attached to the system is not functioning. (0x1F)
Dec 29, 2020 15:18:37.944 [1229/151837.943:ERROR:directory_reader_win.cc(43)] FindFirstFile: The system cannot find the path specified. (0x3)
Dec 29, 2020 17:49:30.11 [4228:10512:1229/174930.009:ERROR:connection_factory_impl.cc(428)] Failed to connect to MCS endpoint with error -106

Dec 29, 2020 20:33:54.687 NEW SESSION
Dec 29, 2020 20:33:54.688 [5968:4028:1229/203354.569:ERROR:device_event_log_impl.cc(211)] [20:33:54.568] USB: usb_device_handle_win.cc:1020 Failed to read descriptor from node connection: A device attached to the system is not functioning. (0x1F)
Dec 29, 2020 20:33:56.903 [5968:10080:1229/203356.902:ERROR:connection_factory_impl.cc(428)] Failed to connect to MCS endpoint with error -106
Dec 29, 2020 20:34:21.225 [5968:10080:1229/203421.224:ERROR:connection_factory_impl.cc(428)] Failed to connect to MCS endpoint with error -106
Dec 29, 2020 20:35:09.668 [5968:10080:1229/203509.667:ERROR:connection_factory_impl.cc(428)] Failed to connect to MCS endpoint with error -106
Dec 29, 2020 20:36:35.117 [5968:10080:1229/203635.117:ERROR:connection_factory_impl.cc(428)] Failed to connect to MCS endpoint with error -106
Dec 29, 2020 20:40:27.382 [5968:10080:1229/204027.382:ERROR:connection_factory_impl.cc(428)] Failed to connect to MCS endpoint with error -106
Dec 29, 2020 20:43:27.957 [1229/204327.956:ERROR:directory_reader_win.cc(43)] FindFirstFile: The system cannot find the path specified. (0x3)
Dec 29, 2020 20:47:29.44 [5968:10080:1229/204729.044:ERROR:connection_factory_impl.cc(428)] Failed to connect to MCS endpoint with error -106
Dec 29, 2020 20:57:29.46 [5968:10080:1229/205729.046:ERROR:connection_factory_impl.cc(428)] Failed to connect to MCS endpoint with error -106
Dec 29, 2020 21:07:29.48 [5968:10080:1229/210729.048:ERROR:connection_factory_impl.cc(428)] Failed to connect to MCS endpoint with error -106
Dec 29, 2020 21:17:29.51 [5968:10080:1229/211729.051:ERROR:connection_factory_impl.cc(428)] Failed to connect to MCS endpoint with error -106
Dec 29, 2020 21:23:28.161 [5968:10080:1229/212328.160:ERROR:connection_factory_impl.cc(428)] Failed to connect to MCS endpoint with error -106
Dec 29, 2020 21:33:28.164 [5968:10080:1229/213328.164:ERROR:connection_factory_impl.cc(428)] Failed to connect to MCS endpoint with error -106
Dec 29, 2020 21:43:28.167 [5968:10080:1229/214328.167:ERROR:connection_factory_impl.cc(428)] Failed to connect to MCS endpoint with error -106
Dec 29, 2020 21:53:28.171 [5968:10080:1229/215328.170:ERROR:connection_factory_impl.cc(428)] Failed to connect to MCS endpoint with error -106
Dec 29, 2020 22:03:28.177 [5968:10080:1229/220328.176:ERROR:connection_factory_impl.cc(428)] Failed to connect to MCS endpoint with error -106
Dec 29, 2020 22:13:28.179 [5968:10080:1229/221328.179:ERROR:connection_factory_impl.cc(428)] Failed to connect to MCS endpoint with error -106
Dec 29, 2020 22:23:28.183 [5968:10080:1229/222328.182:ERROR:connection_factory_impl.cc(428)] Failed to connect to MCS endpoint with error -106
Dec 29, 2020 22:33:31.690 [11560:4564:1229/223331.689:ERROR:device_event_log_impl.cc(211)] [22:33:31.689] USB: usb_device_handle_win.cc:1020 Failed to read descriptor from node connection: A device attached to the system is not functioning. (0x1F)
Dec 29, 2020 22:33:33.597 [11560:8916:1229/223333.597:ERROR:connection_factory_impl.cc(428)] Failed to connect to MCS endpoint with error -106
Dec 29, 2020 22:33:58.912 [11560:8916:1229/223358.912:ERROR:connection_factory_impl.cc(428)] Failed to connect to MCS endpoint with error -106
Dec 29, 2020 22:34:42.46 [11560:8916:1229/223442.046:ERROR:connection_factory_impl.cc(428)] Failed to connect to MCS endpoint with error -106
Dec 29, 2020 22:36:37.634 [11560:8916:1229/223637.634:ERROR:connection_factory_impl.cc(428)] Failed to connect to MCS endpoint with error -106
Dec 29, 2020 22:42:56.15 [1229/224256.014:ERROR:directory_reader_win.cc(43)] FindFirstFile: The system cannot find the path specified. (0x3)
Dec 29, 2020 22:44:35.465 [11560:8916:1229/224435.465:ERROR:connection_factory_impl.cc(428)] Failed to connect to MCS endpoint with error -106
Dec 29, 2020 22:44:56.41 [11560:8916:1229/224456.041:ERROR:connection_factory_impl.cc(428)] Failed to connect to MCS endpoint with error -106
Dec 29, 2020 22:45:45.633 [11560:8916:1229/224545.633:ERROR:connection_factory_impl.cc(428)] Failed to connect to MCS endpoint with error -106
Dec 29, 2020 22:47:22.458 [11560:8916:1229/224722.458:ERROR:connection_factory_impl.cc(428)] Failed to connect to MCS endpoint with error -106
Dec 29, 2020 22:50:12.06 [11560:8916:1229/225012.006:ERROR:connection_factory_impl.cc(428)] Failed to connect to MCS endpoint with error -106
Dec 29, 2020 22:57:59.560 [11560:8916:1229/225759.560:ERROR:connection_factory_impl.cc(428)] Failed to connect to MCS endpoint with error -106
Dec 29, 2020 23:07:59.564 [11560:8916:1229/230759.563:ERROR:connection_factory_impl.cc(428)] Failed to connect to MCS endpoint with error -106

Dec 30, 2020 11:27:58.556 NEW SESSION
Dec 30, 2020 11:27:58.556 [10548:9024:1230/112758.146:ERROR:device_event_log_impl.cc(211)] [11:27:58.146] USB: usb_device_handle_win.cc:1020 Failed to read descriptor from node connection: A device attached to the system is not functioning. (0x1F)
Dec 30, 2020 11:28:01.190 [10548:10460:1230/112801.189:ERROR:connection_factory_impl.cc(428)] Failed to connect to MCS endpoint with error -106
Dec 30, 2020 11:28:23.909 [10548:10460:1230/112823.908:ERROR:connection_factory_impl.cc(428)] Failed to connect to MCS endpoint with error -106
Dec 30, 2020 11:29:12.694 [10548:10460:1230/112912.693:ERROR:connection_factory_impl.cc(428)] Failed to connect to MCS endpoint with error -106
Dec 30, 2020 11:30:34.294 [10548:10460:1230/113034.294:ERROR:connection_factory_impl.cc(428)] Failed to connect to MCS endpoint with error -106
Dec 30, 2020 11:33:14.891 [9936:3880:1230/113314.891:ERROR:device_event_log_impl.cc(211)] [11:33:14.890] USB: usb_device_handle_win.cc:1020 Failed to read descriptor from node connection: A device attached to the system is not functioning. (0x1F)
Dec 30, 2020 11:33:18.172 [9936:8392:1230/113318.172:ERROR:connection_factory_impl.cc(428)] Failed to connect to MCS endpoint with error -106
Dec 30, 2020 11:33:38.755 [9936:8392:1230/113338.754:ERROR:connection_factory_impl.cc(428)] Failed to connect to MCS endpoint with error -106
Dec 30, 2020 11:34:31.936 [9936:8392:1230/113431.936:ERROR:connection_factory_impl.cc(428)] Failed to connect to MCS endpoint with error -106

Dec 30, 2020 12:04:45.835 NEW SESSION
Dec 30, 2020 12:04:45.835 [7552:3680:1230/120445.809:ERROR:device_event_log_impl.cc(211)] [12:04:45.809] USB: usb_device_handle_win.cc:1020 Failed to read descriptor from node connection: A device attached to the system is not functioning. (0x1F)
Dec 30, 2020 12:06:32.865 [8088:11092:1230/120632.852:ERROR:device_event_log_impl.cc(211)] [12:06:32.853] USB: usb_device_handle_win.cc:1020 Failed to read descriptor from node connection: A device attached to the system is not functioning. (0x1F)
Dec 30, 2020 12:16:19.841 [8088:2684:1230/121619.840:ERROR:connection_factory_impl.cc(428)] Failed to connect to MCS endpoint with error -105
Dec 30, 2020 12:16:25.801 [1230/121625.800:ERROR:directory_reader_win.cc(43)] FindFirstFile: The system cannot find the path specified. (0x3)
Dec 30, 2020 12:16:46.604 [8088:2684:1230/121646.604:ERROR:connection_factory_impl.cc(428)] Failed to connect to MCS endpoint with error -105
Dec 30, 2020 12:17:27.685 [8088:2684:1230/121727.685:ERROR:connection_factory_impl.cc(428)] Failed to connect to MCS endpoint with error -105
Dec 30, 2020 12:18:50.956 [8088:2684:1230/121850.956:ERROR:connection_factory_impl.cc(428)] Failed to connect to MCS endpoint with error -105
Dec 30, 2020 12:22:28.519 [8088:2684:1230/122228.518:ERROR:connection_factory_impl.cc(428)] Failed to connect to MCS endpoint with error -105
Dec 30, 2020 12:30:01.203 [8088:2684:1230/123001.202:ERROR:connection_factory_impl.cc(428)] Failed to connect to MCS endpoint with error -105
Dec 30, 2020 12:40:01.215 [8088:2684:1230/124001.214:ERROR:connection_factory_impl.cc(428)] Failed to connect to MCS endpoint with error -105
Dec 30, 2020 12:50:01.229 [8088:2684:1230/125001.228:ERROR:connection_factory_impl.cc(428)] Failed to connect to MCS endpoint with error -105

Dec 30, 2020 14:45:51.346 NEW SESSION
Dec 30, 2020 14:45:51.346 [12268:5028:1230/144551.052:ERROR:device_event_log_impl.cc(211)] [14:45:50.993] USB: usb_device_handle_win.cc:1020 Failed to read descriptor from node connection: A device attached to the system is not functioning. (0x1F)
Dec 30, 2020 14:45:54.586 [12268:9460:1230/144554.586:ERROR:connection_factory_impl.cc(428)] Failed to connect to MCS endpoint with error -105
Dec 30, 2020 14:46:17.592 [12268:9460:1230/144617.592:ERROR:connection_factory_impl.cc(428)] Failed to connect to MCS endpoint with error -105
Dec 30, 2020 14:47:05.162 [12268:9460:1230/144705.162:ERROR:connection_factory_impl.cc(428)] Failed to connect to MCS endpoint with error -105
Dec 30, 2020 14:48:34.819 [12268:9460:1230/144834.819:ERROR:connection_factory_impl.cc(428)] Failed to connect to MCS endpoint with error -105
Dec 30, 2020 14:51:27.906 [12268:9460:1230/145127.906:ERROR:connection_factory_impl.cc(428)] Failed to connect to MCS endpoint with error -105
Dec 30, 2020 14:55:35.521 [1230/145535.519:ERROR:directory_reader_win.cc(43)] FindFirstFile: The system cannot find the path specified. (0x3)

Jan 05, 2021 12:24:43.203 NEW SESSION
Jan 05, 2021 12:24:43.203 [11480:3640:0105/122443.040:ERROR:device_event_log_impl.cc(211)] [12:24:43.040] USB: usb_device_handle_win.cc:1020 Failed to read descriptor from node connection: A device attached to the system is not functioning. (0x1F)
Jan 05, 2021 12:24:47.344 [11480:8360:0105/122447.343:ERROR:connection_factory_impl.cc(428)] Failed to connect to MCS endpoint with error -106
Jan 05, 2021 12:24:47.404 [11480:8360:0105/122447.348:ERROR:registration_request.cc(246)] Registration URL fetching failed.
Jan 05, 2021 12:24:47.422 [11480:8360:0105/122447.349:ERROR:registration_request.cc(246)] Registration URL fetching failed.
Jan 05, 2021 12:24:47.434 [11480:8360:0105/122447.349:ERROR:registration_request.cc(246)] Registration URL fetching failed.
Jan 05, 2021 12:24:47.444 [11480:8360:0105/122447.351:ERROR:registration_request.cc(246)] Registration URL fetching failed.
Jan 05, 2021 12:24:55.487 [11480:3640:0105/122455.486:ERROR:account_info_fetcher.cc(60)] OnGetTokenFailure: Connection failed (-106).
Jan 05, 2021 12:25:08.662 [11480:8360:0105/122508.662:ERROR:connection_factory_impl.cc(428)] Failed to connect to MCS endpoint with error -106
Jan 05, 2021 12:25:09.434 [11480:8360:0105/122509.434:ERROR:registration_request.cc(246)] Registration URL fetching failed.
Jan 05, 2021 12:25:10.271 [11480:8360:0105/122510.271:ERROR:registration_request.cc(246)] Registration URL fetching failed.
Jan 05, 2021 12:25:14.720 [11480:8360:0105/122514.720:ERROR:registration_request.cc(246)] Registration URL fetching failed.
Jan 05, 2021 12:25:15.33 [11480:8360:0105/122515.032:ERROR:registration_request.cc(246)] Registration URL fetching failed.

Jan 05, 2021 15:19:03.565 NEW SESSION
Jan 05, 2021 15:19:03.566 [5516:6188:0105/151903.339:ERROR:device_event_log_impl.cc(211)] [15:19:03.341] USB: usb_device_handle_win.cc:1020 Failed to read descriptor from node connection: A device attached to the system is not functioning. (0x1F)
